[0424/112639.018:ERROR:process_info.cc(329)] VirtualQueryEx: Access is denied. (0x5)
[0424/112639.019:ERROR:process_info.cc(556)] ReadMemoryInfo failed
[0424/112639.019:ERROR:process_memory_win.cc(39)] Failed to initialize ProcessInfo.
[0424/112639.019:ERROR:scoped_process_suspend.cc(40)] NtResumeProcess: An attempt was made to access an exiting process. (0xc000010a)
[0424/112642.793:ERROR:process_info.cc(329)] VirtualQueryEx: Access is denied. (0x5)
[0424/112642.794:ERROR:process_info.cc(556)] ReadMemoryInfo failed
[0424/112642.794:ERROR:process_memory_win.cc(39)] Failed to initialize ProcessInfo.
[0424/112642.794:ERROR:scoped_process_suspend.cc(40)] NtResumeProcess: An attempt was made to access an exiting process. (0xc000010a)
[0424/112654.390:ERROR:process_info.cc(329)] VirtualQueryEx: Access is denied. (0x5)
[0424/112654.390:ERROR:process_info.cc(556)] ReadMemoryInfo failed
[0424/112654.390:ERROR:process_memory_win.cc(39)] Failed to initialize ProcessInfo.
[0424/112654.391:ERROR:scoped_process_suspend.cc(40)] NtResumeProcess: An attempt was made to access an exiting process. (0xc000010a)
[0424/112708.569:ERROR:process_info.cc(329)] VirtualQueryEx: Access is denied. (0x5)
[0424/112708.570:ERROR:process_info.cc(556)] ReadMemoryInfo failed
[0424/112708.570:ERROR:scoped_process_suspend.cc(40)] NtResumeProcess: An attempt was made to access an exiting process. (0xc000010a)
[0424/112721.759:ERROR:process_info.cc(329)] VirtualQueryEx: Access is denied. (0x5)
[0424/112721.759:ERROR:process_info.cc(556)] ReadMemoryInfo failed
[0424/112721.759:ERROR:process_memory_win.cc(39)] Failed to initialize ProcessInfo.
[0424/112721.760:ERROR:scoped_process_suspend.cc(40)] NtResumeProcess: An attempt was made to access an exiting process. (0xc000010a)
[0424/112733.922:ERROR:process_info.cc(329)] VirtualQueryEx: Access is denied. (0x5)
[0424/112733.922:ERROR:process_info.cc(556)] ReadMemoryInfo failed
[0424/112733.922:ERROR:process_memory_win.cc(39)] Failed to initialize ProcessInfo.
[0424/112733.923:ERROR:scoped_process_suspend.cc(40)] NtResumeProcess: An attempt was made to access an exiting process. (0xc000010a)
[0424/112740.180:ERROR:process_info.cc(329)] VirtualQueryEx: Access is denied. (0x5)
[0424/112740.180:ERROR:process_info.cc(556)] ReadMemoryInfo failed
[0424/112740.180:ERROR:process_memory_win.cc(39)] Failed to initialize ProcessInfo.
[0424/112740.181:ERROR:scoped_process_suspend.cc(40)] NtResumeProcess: An attempt was made to access an exiting process. (0xc000010a)
[0424/112746.349:ERROR:process_info.cc(329)] VirtualQueryEx: Access is denied. (0x5)
[0424/112746.350:ERROR:process_info.cc(556)] ReadMemoryInfo failed
[0424/112746.350:ERROR:process_memory_win.cc(39)] Failed to initialize ProcessInfo.
[0424/112746.351:ERROR:scoped_process_suspend.cc(40)] NtResumeProcess: An attempt was made to access an exiting process. (0xc000010a)
[0424/112758.524:ERROR:process_info.cc(329)] VirtualQueryEx: Access is denied. (0x5)
[0424/112758.525:ERROR:process_info.cc(556)] ReadMemoryInfo failed
[0424/112758.525:ERROR:process_memory_win.cc(39)] Failed to initialize ProcessInfo.
[0424/112758.525:ERROR:scoped_process_suspend.cc(40)] NtResumeProcess: An attempt was made to access an exiting process. (0xc000010a)
[0424/112803.805:ERROR:process_info.cc(329)] VirtualQueryEx: Access is denied. (0x5)
[0424/112803.806:ERROR:process_info.cc(556)] ReadMemoryInfo failed
[0424/112803.806:ERROR:scoped_process_suspend.cc(40)] NtResumeProcess: An attempt was made to access an exiting process. (0xc000010a)
[0424/112809.545:ERROR:process_info.cc(329)] VirtualQueryEx: Access is denied. (0x5)
[0424/112809.545:ERROR:process_info.cc(556)] ReadMemoryInfo failed
[0424/112809.545:ERROR:process_memory_win.cc(39)] Failed to initialize ProcessInfo.
[0424/112809.546:ERROR:scoped_process_suspend.cc(40)] NtResumeProcess: An attempt was made to access an exiting process. (0xc000010a)
[0424/112813.276:ERROR:process_info.cc(329)] VirtualQueryEx: Access is denied. (0x5)
[0424/112813.277:ERROR:process_info.cc(556)] ReadMemoryInfo failed
[0424/112813.277:ERROR:process_memory_win.cc(39)] Failed to initialize ProcessInfo.
[0424/112813.277:ERROR:scoped_process_suspend.cc(40)] NtResumeProcess: An attempt was made to access an exiting process. (0xc000010a)
[0424/112824.894:ERROR:process_info.cc(329)] VirtualQueryEx: Access is denied. (0x5)
[0424/112824.895:ERROR:process_info.cc(556)] ReadMemoryInfo failed
[0424/112824.895:ERROR:process_memory_win.cc(39)] Failed to initialize ProcessInfo.
[0424/112824.895:ERROR:scoped_process_suspend.cc(40)] NtResumeProcess: An attempt was made to access an exiting process. (0xc000010a)
[0424/112840.323:ERROR:process_info.cc(329)] VirtualQueryEx: Access is denied. (0x5)
[0424/112840.323:ERROR:process_info.cc(556)] ReadMemoryInfo failed
[0424/112840.323:ERROR:scoped_process_suspend.cc(40)] NtResumeProcess: An attempt was made to access an exiting process. (0xc000010a)
[0424/112847.945:ERROR:process_info.cc(329)] VirtualQueryEx: Access is denied. (0x5)
[0424/112847.945:ERROR:process_info.cc(556)] ReadMemoryInfo failed
[0424/112847.945:ERROR:process_memory_win.cc(39)] Failed to initialize ProcessInfo.
[0424/112847.946:ERROR:scoped_process_suspend.cc(40)] NtResumeProcess: An attempt was made to access an exiting process. (0xc000010a)
[0424/112858.572:ERROR:process_info.cc(329)] VirtualQueryEx: Access is denied. (0x5)
[0424/112858.572:ERROR:process_info.cc(556)] ReadMemoryInfo failed
[0424/112858.572:ERROR:process_memory_win.cc(39)] Failed to initialize ProcessInfo.
[0424/112858.573:ERROR:scoped_process_suspend.cc(40)] NtResumeProcess: An attempt was made to access an exiting process. (0xc000010a)
[0424/112910.197:ERROR:process_info.cc(329)] VirtualQueryEx: Access is denied. (0x5)
[0424/112910.197:ERROR:process_info.cc(556)] ReadMemoryInfo failed
[0424/112910.197:ERROR:process_memory_win.cc(39)] Failed to initialize ProcessInfo.
[0424/112910.198:ERROR:scoped_process_suspend.cc(40)] NtResumeProcess: An attempt was made to access an exiting process. (0xc000010a)
[0424/112920.801:ERROR:process_info.cc(329)] VirtualQueryEx: Access is denied. (0x5)
[0424/112920.801:ERROR:process_info.cc(556)] ReadMemoryInfo failed
[0424/112920.801:ERROR:scoped_process_suspend.cc(40)] NtResumeProcess: An attempt was made to access an exiting process. (0xc000010a)
[0424/112932.370:ERROR:process_info.cc(329)] VirtualQueryEx: Access is denied. (0x5)
[0424/112932.370:ERROR:process_info.cc(556)] ReadMemoryInfo failed
[0424/112932.371:ERROR:scoped_process_suspend.cc(40)] NtResumeProcess: An attempt was made to access an exiting process. (0xc000010a)
[0424/113214.424:ERROR:process_info.cc(329)] VirtualQueryEx: Access is denied. (0x5)
[0424/113214.425:ERROR:process_info.cc(556)] ReadMemoryInfo failed
[0424/113214.425:ERROR:process_memory_win.cc(39)] Failed to initialize ProcessInfo.
[0424/113214.425:ERROR:scoped_process_suspend.cc(40)] NtResumeProcess: An attempt was made to access an exiting process. (0xc000010a)
[0424/113219.003:ERROR:process_info.cc(329)] VirtualQueryEx: Access is denied. (0x5)
[0424/113219.004:ERROR:process_info.cc(556)] ReadMemoryInfo failed
[0424/113219.004:ERROR:process_memory_win.cc(39)] Failed to initialize ProcessInfo.
[0424/113219.004:ERROR:scoped_process_suspend.cc(40)] NtResumeProcess: An attempt was made to access an exiting process. (0xc000010a)
[0424/113427.035:ERROR:process_info.cc(329)] VirtualQueryEx: Access is denied. (0x5)
[0424/113427.035:ERROR:process_info.cc(556)] ReadMemoryInfo failed
[0424/113427.035:ERROR:process_memory_win.cc(39)] Failed to initialize ProcessInfo.
[0424/113427.036:ERROR:scoped_process_suspend.cc(40)] NtResumeProcess: An attempt was made to access an exiting process. (0xc000010a)
[0424/113436.230:ERROR:process_info.cc(329)] VirtualQueryEx: Access is denied. (0x5)
[0424/113436.231:ERROR:process_info.cc(556)] ReadMemoryInfo failed
[0424/113436.231:ERROR:process_memory_win.cc(39)] Failed to initialize ProcessInfo.
[0424/113436.231:ERROR:scoped_process_suspend.cc(40)] NtResumeProcess: An attempt was made to access an exiting process. (0xc000010a)
[0424/113449.388:ERROR:process_info.cc(329)] VirtualQueryEx: Access is denied. (0x5)
[0424/113449.389:ERROR:process_info.cc(556)] ReadMemoryInfo failed
[0424/113449.389:ERROR:process_memory_win.cc(39)] Failed to initialize ProcessInfo.
[0424/113449.389:ERROR:scoped_process_suspend.cc(40)] NtResumeProcess: An attempt was made to access an exiting process. (0xc000010a)
[0424/113502.041:ERROR:process_info.cc(329)] VirtualQueryEx: Access is denied. (0x5)
[0424/113502.041:ERROR:process_info.cc(556)] ReadMemoryInfo failed
[0424/113502.041:ERROR:process_memory_win.cc(39)] Failed to initialize ProcessInfo.
[0424/113502.042:ERROR:scoped_process_suspend.cc(40)] NtResumeProcess: An attempt was made to access an exiting process. (0xc000010a)
[0424/113511.806:ERROR:process_info.cc(329)] VirtualQueryEx: Access is denied. (0x5)
[0424/113511.806:ERROR:process_info.cc(556)] ReadMemoryInfo failed
[0424/113511.806:ERROR:process_memory_win.cc(39)] Failed to initialize ProcessInfo.
[0424/113511.807:ERROR:scoped_process_suspend.cc(40)] NtResumeProcess: An attempt was made to access an exiting process. (0xc000010a)
[0424/113525.467:ERROR:process_info.cc(329)] VirtualQueryEx: Access is denied. (0x5)
[0424/113525.467:ERROR:process_info.cc(556)] ReadMemoryInfo failed
[0424/113525.467:ERROR:process_memory_win.cc(39)] Failed to initialize ProcessInfo.
[0424/113525.468:ERROR:scoped_process_suspend.cc(40)] NtResumeProcess: An attempt was made to access an exiting process. (0xc000010a)
[0424/113532.141:ERROR:process_info.cc(329)] VirtualQueryEx: Access is denied. (0x5)
[0424/113532.141:ERROR:process_info.cc(556)] ReadMemoryInfo failed
[0424/113532.141:ERROR:process_memory_win.cc(39)] Failed to initialize ProcessInfo.
[0424/113532.142:ERROR:scoped_process_suspend.cc(40)] NtResumeProcess: An attempt was made to access an exiting process. (0xc000010a)
[0424/113537.731:ERROR:process_info.cc(329)] VirtualQueryEx: Access is denied. (0x5)
[0424/113537.732:ERROR:process_info.cc(556)] ReadMemoryInfo failed
[0424/113537.732:ERROR:process_memory_win.cc(39)] Failed to initialize ProcessInfo.
[0424/113537.732:ERROR:scoped_process_suspend.cc(40)] NtResumeProcess: An attempt was made to access an exiting process. (0xc000010a)
[0424/113551.358:ERROR:process_info.cc(329)] VirtualQueryEx: Access is denied. (0x5)
[0424/113551.359:ERROR:process_info.cc(556)] ReadMemoryInfo failed
[0424/113551.359:ERROR:scoped_process_suspend.cc(40)] NtResumeProcess: An attempt was made to access an exiting process. (0xc000010a)
[0424/113601.847:ERROR:process_info.cc(329)] VirtualQueryEx: Access is denied. (0x5)
[0424/113601.848:ERROR:process_info.cc(556)] ReadMemoryInfo failed
[0424/113601.848:ERROR:process_memory_win.cc(39)] Failed to initialize ProcessInfo.
[0424/113601.848:ERROR:scoped_process_suspend.cc(40)] NtResumeProcess: An attempt was made to access an exiting process. (0xc000010a)
[0425/105353.461:ERROR:process_info.cc(329)] VirtualQueryEx: Access is denied. (0x5)
[0425/105353.462:ERROR:process_info.cc(556)] ReadMemoryInfo failed
[0425/105353.462:ERROR:process_memory_win.cc(39)] Failed to initialize ProcessInfo.
[0425/105353.462:ERROR:scoped_process_suspend.cc(40)] NtResumeProcess: An attempt was made to access an exiting process. (0xc000010a)
[0425/105401.904:ERROR:process_info.cc(329)] VirtualQueryEx: Access is denied. (0x5)
[0425/105401.904:ERROR:process_info.cc(556)] ReadMemoryInfo failed
[0425/105401.904:ERROR:process_memory_win.cc(39)] Failed to initialize ProcessInfo.
[0425/105401.904:ERROR:scoped_process_suspend.cc(40)] NtResumeProcess: An attempt was made to access an exiting process. (0xc000010a)
[0425/105412.553:ERROR:process_info.cc(329)] VirtualQueryEx: Access is denied. (0x5)
[0425/105412.554:ERROR:process_info.cc(556)] ReadMemoryInfo failed
[0425/105412.554:ERROR:process_memory_win.cc(39)] Failed to initialize ProcessInfo.
[0425/105412.554:ERROR:scoped_process_suspend.cc(40)] NtResumeProcess: An attempt was made to access an exiting process. (0xc000010a)
[0425/105420.176:ERROR:process_info.cc(329)] VirtualQueryEx: Access is denied. (0x5)
[0425/105420.177:ERROR:process_info.cc(556)] ReadMemoryInfo failed
[0425/105420.177:ERROR:scoped_process_suspend.cc(40)] NtResumeProcess: An attempt was made to access an exiting process. (0xc000010a)
[0425/105431.790:ERROR:process_info.cc(329)] VirtualQueryEx: Access is denied. (0x5)
[0425/105431.790:ERROR:process_info.cc(556)] ReadMemoryInfo failed
[0425/105431.790:ERROR:scoped_process_suspend.cc(40)] NtResumeProcess: An attempt was made to access an exiting process. (0xc000010a)
[0425/105444.308:ERROR:process_info.cc(329)] VirtualQueryEx: Access is denied. (0x5)
[0425/105444.308:ERROR:process_info.cc(556)] ReadMemoryInfo failed
[0425/105444.309:ERROR:scoped_process_suspend.cc(40)] NtResumeProcess: An attempt was made to access an exiting process. (0xc000010a)
[0425/105455.825:ERROR:process_info.cc(329)] VirtualQueryEx: Access is denied. (0x5)
[0425/105455.825:ERROR:process_info.cc(556)] ReadMemoryInfo failed
[0425/105455.826:ERROR:scoped_process_suspend.cc(40)] NtResumeProcess: An attempt was made to access an exiting process. (0xc000010a)
[0425/105503.323:ERROR:process_info.cc(329)] VirtualQueryEx: Access is denied. (0x5)
[0425/105503.324:ERROR:process_info.cc(556)] ReadMemoryInfo failed
[0425/105503.324:ERROR:process_memory_win.cc(39)] Failed to initialize ProcessInfo.
[0425/105503.324:ERROR:scoped_process_suspend.cc(40)] NtResumeProcess: An attempt was made to access an exiting process. (0xc000010a)
[0425/105515.192:ERROR:process_info.cc(329)] VirtualQueryEx: Access is denied. (0x5)
[0425/105515.192:ERROR:process_info.cc(556)] ReadMemoryInfo failed
[0425/105515.192:ERROR:process_memory_win.cc(39)] Failed to initialize ProcessInfo.
[0425/105515.193:ERROR:scoped_process_suspend.cc(40)] NtResumeProcess: An attempt was made to access an exiting process. (0xc000010a)
[0425/105527.639:ERROR:process_info.cc(329)] VirtualQueryEx: Access is denied. (0x5)
[0425/105527.640:ERROR:process_info.cc(556)] ReadMemoryInfo failed
[0425/105527.640:ERROR:scoped_process_suspend.cc(40)] NtResumeProcess: An attempt was made to access an exiting process. (0xc000010a)
[0425/105541.135:ERROR:process_info.cc(329)] VirtualQueryEx: Access is denied. (0x5)
[0425/105541.135:ERROR:process_info.cc(556)] ReadMemoryInfo failed
[0425/105541.136:ERROR:scoped_process_suspend.cc(40)] NtResumeProcess: An attempt was made to access an exiting process. (0xc000010a)
[0425/105546.319:ERROR:process_info.cc(329)] VirtualQueryEx: Access is denied. (0x5)
[0425/105546.319:ERROR:process_info.cc(556)] ReadMemoryInfo failed
[0425/105546.319:ERROR:process_memory_win.cc(39)] Failed to initialize ProcessInfo.
[0425/105546.320:ERROR:scoped_process_suspend.cc(40)] NtResumeProcess: An attempt was made to access an exiting process. (0xc000010a)
[0425/105557.794:ERROR:process_info.cc(329)] VirtualQueryEx: Access is denied. (0x5)
[0425/105557.794:ERROR:process_info.cc(556)] ReadMemoryInfo failed
[0425/105557.794:ERROR:scoped_process_suspend.cc(40)] NtResumeProcess: An attempt was made to access an exiting process. (0xc000010a)
[0425/105609.456:ERROR:process_info.cc(329)] VirtualQueryEx: Access is denied. (0x5)
[0425/105609.456:ERROR:process_info.cc(556)] ReadMemoryInfo failed
[0425/105609.456:ERROR:process_memory_win.cc(39)] Failed to initialize ProcessInfo.
[0425/105609.457:ERROR:scoped_process_suspend.cc(40)] NtResumeProcess: An attempt was made to access an exiting process. (0xc000010a)
[0425/105614.063:ERROR:process_info.cc(329)] VirtualQueryEx: Access is denied. (0x5)
[0425/105614.064:ERROR:process_info.cc(556)] ReadMemoryInfo failed
[0425/105614.064:ERROR:process_memory_win.cc(39)] Failed to initialize ProcessInfo.
[0425/105614.064:ERROR:scoped_process_suspend.cc(40)] NtResumeProcess: An attempt was made to access an exiting process. (0xc000010a)
[0425/112925.305:ERROR:process_info.cc(329)] VirtualQueryEx: Access is denied. (0x5)
[0425/112925.306:ERROR:process_info.cc(556)] ReadMemoryInfo failed
[0425/112925.306:ERROR:process_memory_win.cc(39)] Failed to initialize ProcessInfo.
[0425/112925.306:ERROR:scoped_process_suspend.cc(40)] NtResumeProcess: An attempt was made to access an exiting process. (0xc000010a)
[0425/114123.998:ERROR:process_info.cc(329)] VirtualQueryEx: Access is denied. (0x5)
[0425/114123.998:ERROR:process_info.cc(556)] ReadMemoryInfo failed
[0425/114123.998:ERROR:process_memory_win.cc(39)] Failed to initialize ProcessInfo.
[0425/114123.999:ERROR:scoped_process_suspend.cc(40)] NtResumeProcess: An attempt was made to access an exiting process. (0xc000010a)
[0425/114135.720:ERROR:process_info.cc(329)] VirtualQueryEx: Access is denied. (0x5)
[0425/114135.721:ERROR:process_info.cc(556)] ReadMemoryInfo failed
[0425/114135.721:ERROR:scoped_process_suspend.cc(40)] NtResumeProcess: An attempt was made to access an exiting process. (0xc000010a)
[0425/114146.551:ERROR:process_info.cc(329)] VirtualQueryEx: Access is denied. (0x5)
[0425/114146.551:ERROR:process_info.cc(556)] ReadMemoryInfo failed
[0425/114146.551:ERROR:process_memory_win.cc(39)] Failed to initialize ProcessInfo.
[0425/114146.552:ERROR:scoped_process_suspend.cc(40)] NtResumeProcess: An attempt was made to access an exiting process. (0xc000010a)
[0425/114152.337:ERROR:process_info.cc(329)] VirtualQueryEx: Access is denied. (0x5)
[0425/114152.337:ERROR:process_info.cc(556)] ReadMemoryInfo failed
[0425/114152.337:ERROR:process_memory_win.cc(39)] Failed to initialize ProcessInfo.
[0425/114152.338:ERROR:scoped_process_suspend.cc(40)] NtResumeProcess: An attempt was made to access an exiting process. (0xc000010a)
[0425/114159.028:ERROR:process_info.cc(329)] VirtualQueryEx: Access is denied. (0x5)
[0425/114159.028:ERROR:process_info.cc(556)] ReadMemoryInfo failed
[0425/114159.029:ERROR:scoped_process_suspend.cc(40)] NtResumeProcess: An attempt was made to access an exiting process. (0xc000010a)
[0425/114208.831:ERROR:process_info.cc(329)] VirtualQueryEx: Access is denied. (0x5)
[0425/114208.832:ERROR:process_info.cc(556)] ReadMemoryInfo failed
[0425/114208.832:ERROR:process_memory_win.cc(39)] Failed to initialize ProcessInfo.
[0425/114208.832:ERROR:scoped_process_suspend.cc(40)] NtResumeProcess: An attempt was made to access an exiting process. (0xc000010a)
[0425/114218.625:ERROR:process_info.cc(329)] VirtualQueryEx: Access is denied. (0x5)
[0425/114218.625:ERROR:process_info.cc(556)] ReadMemoryInfo failed
[0425/114218.625:ERROR:process_memory_win.cc(39)] Failed to initialize ProcessInfo.
[0425/114218.626:ERROR:scoped_process_suspend.cc(40)] NtResumeProcess: An attempt was made to access an exiting process. (0xc000010a)
[0425/114231.337:ERROR:process_info.cc(329)] VirtualQueryEx: Access is denied. (0x5)
[0425/114231.337:ERROR:process_info.cc(556)] ReadMemoryInfo failed
[0425/114231.337:ERROR:scoped_process_suspend.cc(40)] NtResumeProcess: An attempt was made to access an exiting process. (0xc000010a)
[0425/114240.069:ERROR:process_info.cc(329)] VirtualQueryEx: Access is denied. (0x5)
[0425/114240.070:ERROR:process_info.cc(556)] ReadMemoryInfo failed
[0425/114240.070:ERROR:process_memory_win.cc(39)] Failed to initialize ProcessInfo.
[0425/114240.070:ERROR:scoped_process_suspend.cc(40)] NtResumeProcess: An attempt was made to access an exiting process. (0xc000010a)
[0425/114246.858:ERROR:process_info.cc(329)] VirtualQueryEx: Access is denied. (0x5)
[0425/114246.859:ERROR:process_info.cc(556)] ReadMemoryInfo failed
[0425/114246.859:ERROR:process_memory_win.cc(39)] Failed to initialize ProcessInfo.
[0425/114246.859:ERROR:scoped_process_suspend.cc(40)] NtResumeProcess: An attempt was made to access an exiting process. (0xc000010a)
[0425/115459.962:ERROR:process_info.cc(329)] VirtualQueryEx: Access is denied. (0x5)
[0425/115459.962:ERROR:process_info.cc(556)] ReadMemoryInfo failed
[0425/115459.962:ERROR:process_memory_win.cc(39)] Failed to initialize ProcessInfo.
[0425/115459.963:ERROR:scoped_process_suspend.cc(40)] NtResumeProcess: An attempt was made to access an exiting process. (0xc000010a)
[0425/115508.274:ERROR:process_info.cc(329)] VirtualQueryEx: Access is denied. (0x5)
[0425/115508.274:ERROR:process_info.cc(556)] ReadMemoryInfo failed
[0425/115508.274:ERROR:process_memory_win.cc(39)] Failed to initialize ProcessInfo.
[0425/115508.275:ERROR:scoped_process_suspend.cc(40)] NtResumeProcess: An attempt was made to access an exiting process. (0xc000010a)
[0425/115520.002:ERROR:process_info.cc(329)] VirtualQueryEx: Access is denied. (0x5)
[0425/115520.003:ERROR:process_info.cc(556)] ReadMemoryInfo failed
[0425/115520.003:ERROR:process_memory_win.cc(39)] Failed to initialize ProcessInfo.
[0425/115520.003:ERROR:scoped_process_suspend.cc(40)] NtResumeProcess: An attempt was made to access an exiting process. (0xc000010a)
[0425/115537.931:ERROR:process_info.cc(329)] VirtualQueryEx: Access is denied. (0x5)
[0425/115537.931:ERROR:process_info.cc(556)] ReadMemoryInfo failed
[0425/115537.931:ERROR:process_memory_win.cc(39)] Failed to initialize ProcessInfo.
[0425/115537.932:ERROR:scoped_process_suspend.cc(40)] NtResumeProcess: An attempt was made to access an exiting process. (0xc000010a)
[0425/115546.909:ERROR:process_info.cc(329)] VirtualQueryEx: Access is denied. (0x5)
[0425/115546.909:ERROR:process_info.cc(556)] ReadMemoryInfo failed
[0425/115546.909:ERROR:process_memory_win.cc(39)] Failed to initialize ProcessInfo.
[0425/115546.910:ERROR:scoped_process_suspend.cc(40)] NtResumeProcess: An attempt was made to access an exiting process. (0xc000010a)
[0425/115600.866:ERROR:process_info.cc(329)] VirtualQueryEx: Access is denied. (0x5)
[0425/115600.867:ERROR:process_info.cc(556)] ReadMemoryInfo failed
[0425/115600.867:ERROR:process_memory_win.cc(39)] Failed to initialize ProcessInfo.
[0425/115600.867:ERROR:scoped_process_suspend.cc(40)] NtResumeProcess: An attempt was made to access an exiting process. (0xc000010a)
[0425/115609.068:ERROR:process_info.cc(329)] VirtualQueryEx: Access is denied. (0x5)
[0425/115609.069:ERROR:process_info.cc(556)] ReadMemoryInfo failed
[0425/115609.069:ERROR:process_memory_win.cc(39)] Failed to initialize ProcessInfo.
[0425/115609.069:ERROR:scoped_process_suspend.cc(40)] NtResumeProcess: An attempt was made to access an exiting process. (0xc000010a)
[0425/115623.266:ERROR:process_info.cc(329)] VirtualQueryEx: Access is denied. (0x5)
[0425/115623.266:ERROR:process_info.cc(556)] ReadMemoryInfo failed
[0425/115623.266:ERROR:process_memory_win.cc(39)] Failed to initialize ProcessInfo.
[0425/115623.267:ERROR:scoped_process_suspend.cc(40)] NtResumeProcess: An attempt was made to access an exiting process. (0xc000010a)
[0425/115634.279:ERROR:process_info.cc(329)] VirtualQueryEx: Access is denied. (0x5)
[0425/115634.279:ERROR:process_info.cc(556)] ReadMemoryInfo failed
[0425/115634.279:ERROR:process_memory_win.cc(39)] Failed to initialize ProcessInfo.
[0425/115634.280:ERROR:scoped_process_suspend.cc(40)] NtResumeProcess: An attempt was made to access an exiting process. (0xc000010a)
[0425/115647.133:ERROR:process_info.cc(329)] VirtualQueryEx: Access is denied. (0x5)
[0425/115647.133:ERROR:process_info.cc(556)] ReadMemoryInfo failed
[0425/115647.133:ERROR:scoped_process_suspend.cc(40)] NtResumeProcess: An attempt was made to access an exiting process. (0xc000010a)
[0429/120244.960:ERROR:process_info.cc(329)] VirtualQueryEx: Access is denied. (0x5)
[0429/120244.960:ERROR:process_info.cc(556)] ReadMemoryInfo failed
[0429/120244.961:ERROR:scoped_process_suspend.cc(40)] NtResumeProcess: An attempt was made to access an exiting process. (0xc000010a)
[0429/120303.225:ERROR:process_info.cc(329)] VirtualQueryEx: Access is denied. (0x5)
[0429/120303.225:ERROR:process_info.cc(556)] ReadMemoryInfo failed
[0429/120303.225:ERROR:process_memory_win.cc(39)] Failed to initialize ProcessInfo.
[0429/120303.225:ERROR:scoped_process_suspend.cc(40)] NtResumeProcess: An attempt was made to access an exiting process. (0xc000010a)
[0429/120312.555:ERROR:process_info.cc(329)] VirtualQueryEx: Access is denied. (0x5)
[0429/120312.555:ERROR:process_info.cc(556)] ReadMemoryInfo failed
[0429/120312.555:ERROR:process_memory_win.cc(39)] Failed to initialize ProcessInfo.
[0429/120312.555:ERROR:scoped_process_suspend.cc(40)] NtResumeProcess: An attempt was made to access an exiting process. (0xc000010a)
[0429/120328.795:ERROR:process_info.cc(329)] VirtualQueryEx: Access is denied. (0x5)
[0429/120328.795:ERROR:process_info.cc(556)] ReadMemoryInfo failed
[0429/120328.795:ERROR:scoped_process_suspend.cc(40)] NtResumeProcess: An attempt was made to access an exiting process. (0xc000010a)
[0429/120340.041:ERROR:process_info.cc(329)] VirtualQueryEx: Access is denied. (0x5)
[0429/120340.041:ERROR:process_info.cc(556)] ReadMemoryInfo failed
[0429/120340.041:ERROR:process_memory_win.cc(39)] Failed to initialize ProcessInfo.
[0429/120340.041:ERROR:scoped_process_suspend.cc(40)] NtResumeProcess: An attempt was made to access an exiting process. (0xc000010a)
[0429/120357.201:ERROR:process_info.cc(329)] VirtualQueryEx: Access is denied. (0x5)
[0429/120357.201:ERROR:process_info.cc(556)] ReadMemoryInfo failed
[0429/120357.202:ERROR:scoped_process_suspend.cc(40)] NtResumeProcess: An attempt was made to access an exiting process. (0xc000010a)
[0429/120407.834:ERROR:process_info.cc(329)] VirtualQueryEx: Access is denied. (0x5)
[0429/120407.834:ERROR:process_info.cc(556)] ReadMemoryInfo failed
[0429/120407.835:ERROR:scoped_process_suspend.cc(40)] NtResumeProcess: An attempt was made to access an exiting process. (0xc000010a)
[0429/120415.735:ERROR:process_info.cc(329)] VirtualQueryEx: Access is denied. (0x5)
[0429/120415.735:ERROR:process_info.cc(556)] ReadMemoryInfo failed
[0429/120415.735:ERROR:process_memory_win.cc(39)] Failed to initialize ProcessInfo.
[0429/120415.735:ERROR:scoped_process_suspend.cc(40)] NtResumeProcess: An attempt was made to access an exiting process. (0xc000010a)
[0429/120423.364:ERROR:process_info.cc(329)] VirtualQueryEx: Access is denied. (0x5)
[0429/120423.364:ERROR:process_info.cc(556)] ReadMemoryInfo failed
[0429/120423.364:ERROR:process_memory_win.cc(39)] Failed to initialize ProcessInfo.
[0429/120423.364:ERROR:scoped_process_suspend.cc(40)] NtResumeProcess: An attempt was made to access an exiting process. (0xc000010a)
[0429/120434.992:ERROR:process_info.cc(329)] VirtualQueryEx: Access is denied. (0x5)
[0429/120434.992:ERROR:process_info.cc(556)] ReadMemoryInfo failed
[0429/120434.992:ERROR:process_memory_win.cc(39)] Failed to initialize ProcessInfo.
[0429/120434.992:ERROR:scoped_process_suspend.cc(40)] NtResumeProcess: An attempt was made to access an exiting process. (0xc000010a)
[0429/120450.554:ERROR:process_info.cc(329)] VirtualQueryEx: Access is denied. (0x5)
[0429/120450.555:ERROR:process_info.cc(556)] ReadMemoryInfo failed
[0429/120450.555:ERROR:scoped_process_suspend.cc(40)] NtResumeProcess: An attempt was made to access an exiting process. (0xc000010a)
[0429/120505.175:ERROR:process_info.cc(329)] VirtualQueryEx: Access is denied. (0x5)
[0429/120505.175:ERROR:process_info.cc(556)] ReadMemoryInfo failed
[0429/120505.176:ERROR:scoped_process_suspend.cc(40)] NtResumeProcess: An attempt was made to access an exiting process. (0xc000010a)
[0429/120514.360:ERROR:process_info.cc(329)] VirtualQueryEx: Access is denied. (0x5)
[0429/120514.360:ERROR:process_info.cc(556)] ReadMemoryInfo failed
[0429/120514.360:ERROR:process_memory_win.cc(39)] Failed to initialize ProcessInfo.
[0429/120514.360:ERROR:scoped_process_suspend.cc(40)] NtResumeProcess: An attempt was made to access an exiting process. (0xc000010a)
[0429/120529.600:ERROR:process_info.cc(329)] VirtualQueryEx: Access is denied. (0x5)
[0429/120529.600:ERROR:process_info.cc(556)] ReadMemoryInfo failed
[0429/120529.600:ERROR:scoped_process_suspend.cc(40)] NtResumeProcess: An attempt was made to access an exiting process. (0xc000010a)
[0429/120543.673:ERROR:process_info.cc(329)] VirtualQueryEx: Access is denied. (0x5)
[0429/120543.673:ERROR:process_info.cc(556)] ReadMemoryInfo failed
[0429/120543.674:ERROR:scoped_process_suspend.cc(40)] NtResumeProcess: An attempt was made to access an exiting process. (0xc000010a)
[0429/120552.928:ERROR:process_info.cc(329)] VirtualQueryEx: Access is denied. (0x5)
[0429/120552.928:ERROR:process_info.cc(556)] ReadMemoryInfo failed
[0429/120552.928:ERROR:process_memory_win.cc(39)] Failed to initialize ProcessInfo.
[0429/120552.928:ERROR:scoped_process_suspend.cc(40)] NtResumeProcess: An attempt was made to access an exiting process. (0xc000010a)
[0429/120609.142:ERROR:process_info.cc(329)] VirtualQueryEx: Access is denied. (0x5)
[0429/120609.143:ERROR:process_info.cc(556)] ReadMemoryInfo failed
[0429/120609.143:ERROR:scoped_process_suspend.cc(40)] NtResumeProcess: An attempt was made to access an exiting process. (0xc000010a)
[0429/120624.160:ERROR:process_info.cc(329)] VirtualQueryEx: Access is denied. (0x5)
[0429/120624.160:ERROR:process_info.cc(556)] ReadMemoryInfo failed
[0429/120624.161:ERROR:scoped_process_suspend.cc(40)] NtResumeProcess: An attempt was made to access an exiting process. (0xc000010a)
[0429/120632.286:ERROR:process_info.cc(329)] VirtualQueryEx: Access is denied. (0x5)
[0429/120632.286:ERROR:process_info.cc(556)] ReadMemoryInfo failed
[0429/120632.286:ERROR:process_memory_win.cc(39)] Failed to initialize ProcessInfo.
[0429/120632.286:ERROR:scoped_process_suspend.cc(40)] NtResumeProcess: An attempt was made to access an exiting process. (0xc000010a)
[0429/120643.568:ERROR:process_info.cc(329)] VirtualQueryEx: Access is denied. (0x5)
[0429/120643.568:ERROR:process_info.cc(556)] ReadMemoryInfo failed
[0429/120643.568:ERROR:process_memory_win.cc(39)] Failed to initialize ProcessInfo.
[0429/120643.568:ERROR:scoped_process_suspend.cc(40)] NtResumeProcess: An attempt was made to access an exiting process. (0xc000010a)
[0429/120652.026:ERROR:process_info.cc(329)] VirtualQueryEx: Access is denied. (0x5)
[0429/120652.026:ERROR:process_info.cc(556)] ReadMemoryInfo failed
[0429/120652.026:ERROR:process_memory_win.cc(39)] Failed to initialize ProcessInfo.
[0429/120652.026:ERROR:scoped_process_suspend.cc(40)] NtResumeProcess: An attempt was made to access an exiting process. (0xc000010a)
[0429/120704.262:ERROR:process_info.cc(329)] VirtualQueryEx: Access is denied. (0x5)
[0429/120704.262:ERROR:process_info.cc(556)] ReadMemoryInfo failed
[0429/120704.262:ERROR:scoped_process_suspend.cc(40)] NtResumeProcess: An attempt was made to access an exiting process. (0xc000010a)
[0429/120714.488:ERROR:process_info.cc(329)] VirtualQueryEx: Access is denied. (0x5)
[0429/120714.488:ERROR:process_info.cc(556)] ReadMemoryInfo failed
[0429/120714.488:ERROR:process_memory_win.cc(39)] Failed to initialize ProcessInfo.
[0429/120714.488:ERROR:scoped_process_suspend.cc(40)] NtResumeProcess: An attempt was made to access an exiting process. (0xc000010a)
[0429/120724.712:ERROR:process_info.cc(329)] VirtualQueryEx: Access is denied. (0x5)
[0429/120724.712:ERROR:process_info.cc(556)] ReadMemoryInfo failed
[0429/120724.712:ERROR:process_memory_win.cc(39)] Failed to initialize ProcessInfo.
[0429/120724.712:ERROR:scoped_process_suspend.cc(40)] NtResumeProcess: An attempt was made to access an exiting process. (0xc000010a)
[0429/120738.129:ERROR:process_info.cc(329)] VirtualQueryEx: Access is denied. (0x5)
[0429/120738.130:ERROR:process_info.cc(556)] ReadMemoryInfo failed
[0429/120738.130:ERROR:scoped_process_suspend.cc(40)] NtResumeProcess: An attempt was made to access an exiting process. (0xc000010a)
[0429/120750.432:ERROR:process_info.cc(329)] VirtualQueryEx: Access is denied. (0x5)
[0429/120750.432:ERROR:process_info.cc(556)] ReadMemoryInfo failed
[0429/120750.432:ERROR:scoped_process_suspend.cc(40)] NtResumeProcess: An attempt was made to access an exiting process. (0xc000010a)
[0429/120756.446:ERROR:process_info.cc(329)] VirtualQueryEx: Access is denied. (0x5)
[0429/120756.446:ERROR:process_info.cc(556)] ReadMemoryInfo failed
[0429/120756.446:ERROR:scoped_process_suspend.cc(40)] NtResumeProcess: An attempt was made to access an exiting process. (0xc000010a)
[0429/120804.668:ERROR:process_info.cc(329)] VirtualQueryEx: Access is denied. (0x5)
[0429/120804.668:ERROR:process_info.cc(556)] ReadMemoryInfo failed
[0429/120804.668:ERROR:process_memory_win.cc(39)] Failed to initialize ProcessInfo.
[0429/120804.668:ERROR:scoped_process_suspend.cc(40)] NtResumeProcess: An attempt was made to access an exiting process. (0xc000010a)
[0429/120816.121:ERROR:process_info.cc(329)] VirtualQueryEx: Access is denied. (0x5)
[0429/120816.121:ERROR:process_info.cc(556)] ReadMemoryInfo failed
[0429/120816.121:ERROR:scoped_process_suspend.cc(40)] NtResumeProcess: An attempt was made to access an exiting process. (0xc000010a)
[0429/120832.128:ERROR:process_info.cc(329)] VirtualQueryEx: Access is denied. (0x5)
[0429/120832.128:ERROR:process_info.cc(556)] ReadMemoryInfo failed
[0429/120832.128:ERROR:scoped_process_suspend.cc(40)] NtResumeProcess: An attempt was made to access an exiting process. (0xc000010a)
[0429/133335.281:ERROR:process_info.cc(329)] VirtualQueryEx: Access is denied. (0x5)
[0429/133335.281:ERROR:process_info.cc(556)] ReadMemoryInfo failed
[0429/133335.281:ERROR:scoped_process_suspend.cc(40)] NtResumeProcess: An attempt was made to access an exiting process. (0xc000010a)
[0429/133339.716:ERROR:process_info.cc(329)] VirtualQueryEx: Access is denied. (0x5)
[0429/133339.716:ERROR:process_info.cc(556)] ReadMemoryInfo failed
[0429/133339.716:ERROR:scoped_process_suspend.cc(40)] NtResumeProcess: An attempt was made to access an exiting process. (0xc000010a)
[0429/133347.799:ERROR:process_info.cc(329)] VirtualQueryEx: Access is denied. (0x5)
[0429/133347.799:ERROR:process_info.cc(556)] ReadMemoryInfo failed
[0429/133347.799:ERROR:scoped_process_suspend.cc(40)] NtResumeProcess: An attempt was made to access an exiting process. (0xc000010a)
[0429/133353.870:ERROR:process_info.cc(329)] VirtualQueryEx: Access is denied. (0x5)
[0429/133353.870:ERROR:process_info.cc(556)] ReadMemoryInfo failed
[0429/133353.870:ERROR:scoped_process_suspend.cc(40)] NtResumeProcess: An attempt was made to access an exiting process. (0xc000010a)
[0429/133400.356:ERROR:process_info.cc(329)] VirtualQueryEx: Access is denied. (0x5)
[0429/133400.356:ERROR:process_info.cc(556)] ReadMemoryInfo failed
[0429/133400.356:ERROR:scoped_process_suspend.cc(40)] NtResumeProcess: An attempt was made to access an exiting process. (0xc000010a)
[0429/133411.062:ERROR:process_info.cc(329)] VirtualQueryEx: Access is denied. (0x5)
[0429/133411.062:ERROR:process_info.cc(556)] ReadMemoryInfo failed
[0429/133411.062:ERROR:scoped_process_suspend.cc(40)] NtResumeProcess: An attempt was made to access an exiting process. (0xc000010a)
[0429/133422.740:ERROR:process_info.cc(329)] VirtualQueryEx: Access is denied. (0x5)
[0429/133422.740:ERROR:process_info.cc(556)] ReadMemoryInfo failed
[0429/133422.740:ERROR:scoped_process_suspend.cc(40)] NtResumeProcess: An attempt was made to access an exiting process. (0xc000010a)
[0429/133429.227:ERROR:process_info.cc(329)] VirtualQueryEx: Access is denied. (0x5)
[0429/133429.227:ERROR:process_info.cc(556)] ReadMemoryInfo failed
[0429/133429.227:ERROR:process_memory_win.cc(39)] Failed to initialize ProcessInfo.
[0429/133429.227:ERROR:scoped_process_suspend.cc(40)] NtResumeProcess: An attempt was made to access an exiting process. (0xc000010a)
[0429/133437.910:ERROR:process_info.cc(329)] VirtualQueryEx: Access is denied. (0x5)
[0429/133437.910:ERROR:process_info.cc(556)] ReadMemoryInfo failed
[0429/133437.910:ERROR:scoped_process_suspend.cc(40)] NtResumeProcess: An attempt was made to access an exiting process. (0xc000010a)
[0429/133458.202:ERROR:process_info.cc(329)] VirtualQueryEx: Access is denied. (0x5)
[0429/133458.202:ERROR:process_info.cc(556)] ReadMemoryInfo failed
[0429/133458.202:ERROR:scoped_process_suspend.cc(40)] NtResumeProcess: An attempt was made to access an exiting process. (0xc000010a)
[0429/133502.692:ERROR:process_info.cc(329)] VirtualQueryEx: Access is denied. (0x5)
[0429/133502.692:ERROR:process_info.cc(556)] ReadMemoryInfo failed
[0429/133502.692:ERROR:scoped_process_suspend.cc(40)] NtResumeProcess: An attempt was made to access an exiting process. (0xc000010a)
[0429/133514.386:ERROR:process_info.cc(329)] VirtualQueryEx: Access is denied. (0x5)
[0429/133514.386:ERROR:process_info.cc(556)] ReadMemoryInfo failed
[0429/133514.386:ERROR:scoped_process_suspend.cc(40)] NtResumeProcess: An attempt was made to access an exiting process. (0xc000010a)
[0429/133518.068:ERROR:process_info.cc(329)] VirtualQueryEx: Access is denied. (0x5)
[0429/133518.068:ERROR:process_info.cc(556)] ReadMemoryInfo failed
[0429/133518.068:ERROR:scoped_process_suspend.cc(40)] NtResumeProcess: An attempt was made to access an exiting process. (0xc000010a)
[0429/133520.776:ERROR:process_info.cc(329)] VirtualQueryEx: Access is denied. (0x5)
[0429/133520.776:ERROR:process_info.cc(556)] ReadMemoryInfo failed
[0429/133520.776:ERROR:scoped_process_suspend.cc(40)] NtResumeProcess: An attempt was made to access an exiting process. (0xc000010a)
[0429/133526.466:ERROR:process_info.cc(329)] VirtualQueryEx: Access is denied. (0x5)
[0429/133526.466:ERROR:process_info.cc(556)] ReadMemoryInfo failed
[0429/133526.466:ERROR:scoped_process_suspend.cc(40)] NtResumeProcess: An attempt was made to access an exiting process. (0xc000010a)
[0429/133537.177:ERROR:process_info.cc(329)] VirtualQueryEx: Access is denied. (0x5)
[0429/133537.177:ERROR:process_info.cc(556)] ReadMemoryInfo failed
[0429/133537.177:ERROR:process_memory_win.cc(39)] Failed to initialize ProcessInfo.
[0429/133537.177:ERROR:scoped_process_suspend.cc(40)] NtResumeProcess: An attempt was made to access an exiting process. (0xc000010a)
[0429/133543.845:ERROR:process_info.cc(329)] VirtualQueryEx: Access is denied. (0x5)
[0429/133543.845:ERROR:process_info.cc(556)] ReadMemoryInfo failed
[0429/133543.845:ERROR:process_memory_win.cc(39)] Failed to initialize ProcessInfo.
[0429/133543.845:ERROR:scoped_process_suspend.cc(40)] NtResumeProcess: An attempt was made to access an exiting process. (0xc000010a)
[0429/133549.524:ERROR:process_info.cc(329)] VirtualQueryEx: Access is denied. (0x5)
[0429/133549.524:ERROR:process_info.cc(556)] ReadMemoryInfo failed
[0429/133549.524:ERROR:scoped_process_suspend.cc(40)] NtResumeProcess: An attempt was made to access an exiting process. (0xc000010a)
[0429/133554.184:ERROR:process_info.cc(329)] VirtualQueryEx: Access is denied. (0x5)
[0429/133554.184:ERROR:process_info.cc(556)] ReadMemoryInfo failed
[0429/133554.184:ERROR:scoped_process_suspend.cc(40)] NtResumeProcess: An attempt was made to access an exiting process. (0xc000010a)
[0429/133605.666:ERROR:process_info.cc(329)] VirtualQueryEx: Access is denied. (0x5)
[0429/133605.667:ERROR:process_info.cc(556)] ReadMemoryInfo failed
[0429/133605.667:ERROR:scoped_process_suspend.cc(40)] NtResumeProcess: An attempt was made to access an exiting process. (0xc000010a)
[0429/133613.313:ERROR:process_info.cc(329)] VirtualQueryEx: Access is denied. (0x5)
[0429/133613.313:ERROR:process_info.cc(556)] ReadMemoryInfo failed
[0429/133613.313:ERROR:scoped_process_suspend.cc(40)] NtResumeProcess: An attempt was made to access an exiting process. (0xc000010a)
[0429/133616.797:ERROR:process_info.cc(329)] VirtualQueryEx: Access is denied. (0x5)
[0429/133616.797:ERROR:process_info.cc(556)] ReadMemoryInfo failed
[0429/133616.797:ERROR:scoped_process_suspend.cc(40)] NtResumeProcess: An attempt was made to access an exiting process. (0xc000010a)
[0429/133626.470:ERROR:process_info.cc(329)] VirtualQueryEx: Access is denied. (0x5)
[0429/133626.470:ERROR:process_info.cc(556)] ReadMemoryInfo failed
[0429/133626.470:ERROR:scoped_process_suspend.cc(40)] NtResumeProcess: An attempt was made to access an exiting process. (0xc000010a)
[0429/133634.182:ERROR:process_info.cc(329)] VirtualQueryEx: Access is denied. (0x5)
[0429/133634.182:ERROR:process_info.cc(556)] ReadMemoryInfo failed
[0429/133634.182:ERROR:process_memory_win.cc(39)] Failed to initialize ProcessInfo.
[0429/133634.182:ERROR:scoped_process_suspend.cc(40)] NtResumeProcess: An attempt was made to access an exiting process. (0xc000010a)
[0429/133642.861:ERROR:process_info.cc(329)] VirtualQueryEx: Access is denied. (0x5)
[0429/133642.861:ERROR:process_info.cc(556)] ReadMemoryInfo failed
[0429/133642.861:ERROR:scoped_process_suspend.cc(40)] NtResumeProcess: An attempt was made to access an exiting process. (0xc000010a)
[0429/133651.335:ERROR:process_info.cc(329)] VirtualQueryEx: Access is denied. (0x5)
[0429/133651.335:ERROR:process_info.cc(556)] ReadMemoryInfo failed
[0429/133651.335:ERROR:scoped_process_suspend.cc(40)] NtResumeProcess: An attempt was made to access an exiting process. (0xc000010a)
[0429/133655.984:ERROR:process_info.cc(329)] VirtualQueryEx: Access is denied. (0x5)
[0429/133655.984:ERROR:process_info.cc(556)] ReadMemoryInfo failed
[0429/133655.984:ERROR:scoped_process_suspend.cc(40)] NtResumeProcess: An attempt was made to access an exiting process. (0xc000010a)
[0429/133708.633:ERROR:process_info.cc(329)] VirtualQueryEx: Access is denied. (0x5)
[0429/133708.633:ERROR:process_info.cc(556)] ReadMemoryInfo failed
[0429/133708.633:ERROR:scoped_process_suspend.cc(40)] NtResumeProcess: An attempt was made to access an exiting process. (0xc000010a)
[0429/133711.354:ERROR:process_info.cc(329)] VirtualQueryEx: Access is denied. (0x5)
[0429/133711.355:ERROR:process_info.cc(556)] ReadMemoryInfo failed
[0429/133711.355:ERROR:scoped_process_suspend.cc(40)] NtResumeProcess: An attempt was made to access an exiting process. (0xc000010a)
[0429/133823.014:ERROR:process_info.cc(329)] VirtualQueryEx: Access is denied. (0x5)
[0429/133823.014:ERROR:process_info.cc(556)] ReadMemoryInfo failed
[0429/133823.014:ERROR:scoped_process_suspend.cc(40)] NtResumeProcess: An attempt was made to access an exiting process. (0xc000010a)
[0429/133826.990:ERROR:process_info.cc(329)] VirtualQueryEx: Access is denied. (0x5)
[0429/133826.990:ERROR:process_info.cc(556)] ReadMemoryInfo failed
[0429/133826.990:ERROR:scoped_process_suspend.cc(40)] NtResumeProcess: An attempt was made to access an exiting process. (0xc000010a)
[0429/133830.951:ERROR:process_info.cc(329)] VirtualQueryEx: Access is denied. (0x5)
[0429/133830.951:ERROR:process_info.cc(556)] ReadMemoryInfo failed
[0429/133830.951:ERROR:scoped_process_suspend.cc(40)] NtResumeProcess: An attempt was made to access an exiting process. (0xc000010a)
[0429/133840.710:ERROR:process_info.cc(329)] VirtualQueryEx: Access is denied. (0x5)
[0429/133840.710:ERROR:process_info.cc(556)] ReadMemoryInfo failed
[0429/133840.710:ERROR:scoped_process_suspend.cc(40)] NtResumeProcess: An attempt was made to access an exiting process. (0xc000010a)
[0429/133852.088:ERROR:process_info.cc(329)] VirtualQueryEx: Access is denied. (0x5)
[0429/133852.088:ERROR:process_info.cc(556)] ReadMemoryInfo failed
[0429/133852.088:ERROR:scoped_process_suspend.cc(40)] NtResumeProcess: An attempt was made to access an exiting process. (0xc000010a)
[0429/133903.052:ERROR:process_info.cc(329)] VirtualQueryEx: Access is denied. (0x5)
[0429/133903.052:ERROR:process_info.cc(556)] ReadMemoryInfo failed
[0429/133903.052:ERROR:scoped_process_suspend.cc(40)] NtResumeProcess: An attempt was made to access an exiting process. (0xc000010a)
[0429/133909.020:ERROR:process_info.cc(329)] VirtualQueryEx: Access is denied. (0x5)
[0429/133909.020:ERROR:process_info.cc(556)] ReadMemoryInfo failed
[0429/133909.020:ERROR:scoped_process_suspend.cc(40)] NtResumeProcess: An attempt was made to access an exiting process. (0xc000010a)
[0429/133916.961:ERROR:process_info.cc(329)] VirtualQueryEx: Access is denied. (0x5)
[0429/133916.961:ERROR:process_info.cc(556)] ReadMemoryInfo failed
[0429/133916.961:ERROR:scoped_process_suspend.cc(40)] NtResumeProcess: An attempt was made to access an exiting process. (0xc000010a)
[0429/133927.932:ERROR:process_info.cc(329)] VirtualQueryEx: Access is denied. (0x5)
[0429/133927.932:ERROR:process_info.cc(556)] ReadMemoryInfo failed
[0429/133927.932:ERROR:process_memory_win.cc(39)] Failed to initialize ProcessInfo.
[0429/133927.932:ERROR:scoped_process_suspend.cc(40)] NtResumeProcess: An attempt was made to access an exiting process. (0xc000010a)
[0429/133931.879:ERROR:process_info.cc(329)] VirtualQueryEx: Access is denied. (0x5)
[0429/133931.879:ERROR:process_info.cc(556)] ReadMemoryInfo failed
[0429/133931.879:ERROR:scoped_process_suspend.cc(40)] NtResumeProcess: An attempt was made to access an exiting process. (0xc000010a)
[0429/133939.820:ERROR:process_info.cc(329)] VirtualQueryEx: Access is denied. (0x5)
[0429/133939.820:ERROR:process_info.cc(556)] ReadMemoryInfo failed
[0429/133939.820:ERROR:scoped_process_suspend.cc(40)] NtResumeProcess: An attempt was made to access an exiting process. (0xc000010a)
[0429/133948.770:ERROR:process_info.cc(329)] VirtualQueryEx: Access is denied. (0x5)
[0429/133948.770:ERROR:process_info.cc(556)] ReadMemoryInfo failed
[0429/133948.770:ERROR:scoped_process_suspend.cc(40)] NtResumeProcess: An attempt was made to access an exiting process. (0xc000010a)
[0429/134002.721:ERROR:process_info.cc(329)] VirtualQueryEx: Access is denied. (0x5)
[0429/134002.721:ERROR:process_info.cc(556)] ReadMemoryInfo failed
[0429/134002.722:ERROR:scoped_process_suspend.cc(40)] NtResumeProcess: An attempt was made to access an exiting process. (0xc000010a)
[0429/134011.723:ERROR:process_info.cc(329)] VirtualQueryEx: Access is denied. (0x5)
[0429/134011.723:ERROR:process_info.cc(556)] ReadMemoryInfo failed
[0429/134011.723:ERROR:scoped_process_suspend.cc(40)] NtResumeProcess: An attempt was made to access an exiting process. (0xc000010a)
[0429/134019.681:ERROR:process_info.cc(329)] VirtualQueryEx: Access is denied. (0x5)
[0429/134019.681:ERROR:process_info.cc(556)] ReadMemoryInfo failed
[0429/134019.681:ERROR:scoped_process_suspend.cc(40)] NtResumeProcess: An attempt was made to access an exiting process. (0xc000010a)
[0429/134029.670:ERROR:process_info.cc(329)] VirtualQueryEx: Access is denied. (0x5)
[0429/134029.670:ERROR:process_info.cc(556)] ReadMemoryInfo failed
[0429/134029.670:ERROR:scoped_process_suspend.cc(40)] NtResumeProcess: An attempt was made to access an exiting process. (0xc000010a)
[0429/134042.619:ERROR:process_info.cc(329)] VirtualQueryEx: Access is denied. (0x5)
[0429/134042.619:ERROR:process_info.cc(556)] ReadMemoryInfo failed
[0429/134042.619:ERROR:process_memory_win.cc(39)] Failed to initialize ProcessInfo.
[0429/134042.619:ERROR:scoped_process_suspend.cc(40)] NtResumeProcess: An attempt was made to access an exiting process. (0xc000010a)
[0429/134054.976:ERROR:process_info.cc(329)] VirtualQueryEx: Access is denied. (0x5)
[0429/134054.976:ERROR:process_info.cc(556)] ReadMemoryInfo failed
[0429/134054.976:ERROR:scoped_process_suspend.cc(40)] NtResumeProcess: An attempt was made to access an exiting process. (0xc000010a)
[0429/134105.325:ERROR:process_info.cc(329)] VirtualQueryEx: Access is denied. (0x5)
[0429/134105.325:ERROR:process_info.cc(556)] ReadMemoryInfo failed
[0429/134105.325:ERROR:scoped_process_suspend.cc(40)] NtResumeProcess: An attempt was made to access an exiting process. (0xc000010a)
[0429/134117.285:ERROR:process_info.cc(329)] VirtualQueryEx: Access is denied. (0x5)
[0429/134117.285:ERROR:process_info.cc(556)] ReadMemoryInfo failed
[0429/134117.285:ERROR:scoped_process_suspend.cc(40)] NtResumeProcess: An attempt was made to access an exiting process. (0xc000010a)
[0429/134124.260:ERROR:process_info.cc(329)] VirtualQueryEx: Access is denied. (0x5)
[0429/134124.260:ERROR:process_info.cc(556)] ReadMemoryInfo failed
[0429/134124.260:ERROR:scoped_process_suspend.cc(40)] NtResumeProcess: An attempt was made to access an exiting process. (0xc000010a)
[0429/134130.234:ERROR:process_info.cc(329)] VirtualQueryEx: Access is denied. (0x5)
[0429/134130.234:ERROR:process_info.cc(556)] ReadMemoryInfo failed
[0429/134130.234:ERROR:scoped_process_suspend.cc(40)] NtResumeProcess: An attempt was made to access an exiting process. (0xc000010a)
[0429/134138.187:ERROR:process_info.cc(329)] VirtualQueryEx: Access is denied. (0x5)
[0429/134138.187:ERROR:process_info.cc(556)] ReadMemoryInfo failed
[0429/134138.187:ERROR:scoped_process_suspend.cc(40)] NtResumeProcess: An attempt was made to access an exiting process. (0xc000010a)
[0429/134143.188:ERROR:process_info.cc(329)] VirtualQueryEx: Access is denied. (0x5)
[0429/134143.188:ERROR:process_info.cc(556)] ReadMemoryInfo failed
[0429/134143.188:ERROR:process_memory_win.cc(39)] Failed to initialize ProcessInfo.
[0429/134143.188:ERROR:scoped_process_suspend.cc(40)] NtResumeProcess: An attempt was made to access an exiting process. (0xc000010a)
[0429/134152.155:ERROR:process_info.cc(329)] VirtualQueryEx: Access is denied. (0x5)
[0429/134152.155:ERROR:process_info.cc(556)] ReadMemoryInfo failed
[0429/134152.155:ERROR:process_memory_win.cc(39)] Failed to initialize ProcessInfo.
[0429/134152.155:ERROR:scoped_process_suspend.cc(40)] NtResumeProcess: An attempt was made to access an exiting process. (0xc000010a)
[0429/134203.086:ERROR:process_info.cc(329)] VirtualQueryEx: Access is denied. (0x5)
[0429/134203.086:ERROR:process_info.cc(556)] ReadMemoryInfo failed
[0429/134203.086:ERROR:scoped_process_suspend.cc(40)] NtResumeProcess: An attempt was made to access an exiting process. (0xc000010a)
[0429/134208.856:ERROR:process_info.cc(329)] VirtualQueryEx: Access is denied. (0x5)
[0429/134208.856:ERROR:process_info.cc(556)] ReadMemoryInfo failed
[0429/134208.856:ERROR:process_memory_win.cc(39)] Failed to initialize ProcessInfo.
[0429/134208.856:ERROR:scoped_process_suspend.cc(40)] NtResumeProcess: An attempt was made to access an exiting process. (0xc000010a)
[0429/134213.812:ERROR:process_info.cc(329)] VirtualQueryEx: Access is denied. (0x5)
[0429/134213.812:ERROR:process_info.cc(556)] ReadMemoryInfo failed
[0429/134213.812:ERROR:scoped_process_suspend.cc(40)] NtResumeProcess: An attempt was made to access an exiting process. (0xc000010a)
[0429/134220.790:ERROR:process_info.cc(329)] VirtualQueryEx: Access is denied. (0x5)
[0429/134220.790:ERROR:process_info.cc(556)] ReadMemoryInfo failed
[0429/134220.790:ERROR:process_memory_win.cc(39)] Failed to initialize ProcessInfo.
[0429/134220.790:ERROR:scoped_process_suspend.cc(40)] NtResumeProcess: An attempt was made to access an exiting process. (0xc000010a)
[0429/134229.740:ERROR:process_info.cc(329)] VirtualQueryEx: Access is denied. (0x5)
[0429/134229.740:ERROR:process_info.cc(556)] ReadMemoryInfo failed
[0429/134229.740:ERROR:process_memory_win.cc(39)] Failed to initialize ProcessInfo.
[0429/134229.740:ERROR:scoped_process_suspend.cc(40)] NtResumeProcess: An attempt was made to access an exiting process. (0xc000010a)
[0429/154441.394:ERROR:process_info.cc(329)] VirtualQueryEx: Access is denied. (0x5)
[0429/154441.394:ERROR:process_info.cc(556)] ReadMemoryInfo failed
[0429/154441.395:ERROR:scoped_process_suspend.cc(40)] NtResumeProcess: An attempt was made to access an exiting process. (0xc000010a)
[0429/154451.058:ERROR:process_info.cc(329)] VirtualQueryEx: Access is denied. (0x5)
[0429/154451.058:ERROR:process_info.cc(556)] ReadMemoryInfo failed
[0429/154451.058:ERROR:process_memory_win.cc(39)] Failed to initialize ProcessInfo.
[0429/154451.058:ERROR:scoped_process_suspend.cc(40)] NtResumeProcess: An attempt was made to access an exiting process. (0xc000010a)
[0429/154507.695:ERROR:process_info.cc(329)] VirtualQueryEx: Access is denied. (0x5)
[0429/154507.696:ERROR:process_info.cc(556)] ReadMemoryInfo failed
[0429/154507.696:ERROR:scoped_process_suspend.cc(40)] NtResumeProcess: An attempt was made to access an exiting process. (0xc000010a)
[0429/154523.555:ERROR:process_info.cc(329)] VirtualQueryEx: Access is denied. (0x5)
[0429/154523.556:ERROR:process_info.cc(556)] ReadMemoryInfo failed
[0429/154523.556:ERROR:scoped_process_suspend.cc(40)] NtResumeProcess: An attempt was made to access an exiting process. (0xc000010a)
[0429/154535.823:ERROR:process_info.cc(329)] VirtualQueryEx: Access is denied. (0x5)
[0429/154535.823:ERROR:process_info.cc(556)] ReadMemoryInfo failed
[0429/154535.824:ERROR:scoped_process_suspend.cc(40)] NtResumeProcess: An attempt was made to access an exiting process. (0xc000010a)
[0429/154543.904:ERROR:process_info.cc(329)] VirtualQueryEx: Access is denied. (0x5)
[0429/154543.904:ERROR:process_info.cc(556)] ReadMemoryInfo failed
[0429/154543.904:ERROR:process_memory_win.cc(39)] Failed to initialize ProcessInfo.
[0429/154543.904:ERROR:scoped_process_suspend.cc(40)] NtResumeProcess: An attempt was made to access an exiting process. (0xc000010a)
[0429/154557.153:ERROR:process_info.cc(329)] VirtualQueryEx: Access is denied. (0x5)
[0429/154557.153:ERROR:process_info.cc(556)] ReadMemoryInfo failed
[0429/154557.154:ERROR:scoped_process_suspend.cc(40)] NtResumeProcess: An attempt was made to access an exiting process. (0xc000010a)
[0429/154613.213:ERROR:process_info.cc(329)] VirtualQueryEx: Access is denied. (0x5)
[0429/154613.214:ERROR:process_info.cc(556)] ReadMemoryInfo failed
[0429/154613.214:ERROR:scoped_process_suspend.cc(40)] NtResumeProcess: An attempt was made to access an exiting process. (0xc000010a)
[0429/154620.493:ERROR:process_info.cc(329)] VirtualQueryEx: Access is denied. (0x5)
[0429/154620.493:ERROR:process_info.cc(556)] ReadMemoryInfo failed
[0429/154620.493:ERROR:process_memory_win.cc(39)] Failed to initialize ProcessInfo.
[0429/154620.493:ERROR:scoped_process_suspend.cc(40)] NtResumeProcess: An attempt was made to access an exiting process. (0xc000010a)
[0429/154631.768:ERROR:process_info.cc(329)] VirtualQueryEx: Access is denied. (0x5)
[0429/154631.768:ERROR:process_info.cc(556)] ReadMemoryInfo failed
[0429/154631.768:ERROR:process_memory_win.cc(39)] Failed to initialize ProcessInfo.
[0429/154631.769:ERROR:scoped_process_suspend.cc(40)] NtResumeProcess: An attempt was made to access an exiting process. (0xc000010a)
[0429/154638.032:ERROR:process_info.cc(329)] VirtualQueryEx: Access is denied. (0x5)
[0429/154638.033:ERROR:process_info.cc(556)] ReadMemoryInfo failed
[0429/154638.033:ERROR:scoped_process_suspend.cc(40)] NtResumeProcess: An attempt was made to access an exiting process. (0xc000010a)
[0429/154649.321:ERROR:process_info.cc(329)] VirtualQueryEx: Access is denied. (0x5)
[0429/154649.321:ERROR:process_info.cc(556)] ReadMemoryInfo failed
[0429/154649.321:ERROR:process_memory_win.cc(39)] Failed to initialize ProcessInfo.
[0429/154649.322:ERROR:scoped_process_suspend.cc(40)] NtResumeProcess: An attempt was made to access an exiting process. (0xc000010a)
[0429/154658.352:ERROR:process_info.cc(329)] VirtualQueryEx: Access is denied. (0x5)
[0429/154658.353:ERROR:process_info.cc(556)] ReadMemoryInfo failed
[0429/154658.353:ERROR:process_memory_win.cc(39)] Failed to initialize ProcessInfo.
[0429/154658.353:ERROR:scoped_process_suspend.cc(40)] NtResumeProcess: An attempt was made to access an exiting process. (0xc000010a)
[0429/154706.406:ERROR:process_info.cc(329)] VirtualQueryEx: Access is denied. (0x5)
[0429/154706.407:ERROR:process_info.cc(556)] ReadMemoryInfo failed
[0429/154706.407:ERROR:process_memory_win.cc(39)] Failed to initialize ProcessInfo.
[0429/154706.407:ERROR:scoped_process_suspend.cc(40)] NtResumeProcess: An attempt was made to access an exiting process. (0xc000010a)
[0429/154716.497:ERROR:process_info.cc(329)] VirtualQueryEx: Access is denied. (0x5)
[0429/154716.497:ERROR:process_info.cc(556)] ReadMemoryInfo failed
[0429/154716.497:ERROR:process_memory_win.cc(39)] Failed to initialize ProcessInfo.
[0429/154716.497:ERROR:scoped_process_suspend.cc(40)] NtResumeProcess: An attempt was made to access an exiting process. (0xc000010a)
[0429/154729.423:ERROR:process_info.cc(329)] VirtualQueryEx: Access is denied. (0x5)
[0429/154729.423:ERROR:process_info.cc(556)] ReadMemoryInfo failed
[0429/154729.423:ERROR:scoped_process_suspend.cc(40)] NtResumeProcess: An attempt was made to access an exiting process. (0xc000010a)
[0429/154739.466:ERROR:process_info.cc(329)] VirtualQueryEx: Access is denied. (0x5)
[0429/154739.466:ERROR:process_info.cc(556)] ReadMemoryInfo failed
[0429/154739.466:ERROR:process_memory_win.cc(39)] Failed to initialize ProcessInfo.
[0429/154739.467:ERROR:scoped_process_suspend.cc(40)] NtResumeProcess: An attempt was made to access an exiting process. (0xc000010a)
[0429/154755.907:ERROR:process_info.cc(329)] VirtualQueryEx: Access is denied. (0x5)
[0429/154755.907:ERROR:process_info.cc(556)] ReadMemoryInfo failed
[0429/154755.907:ERROR:scoped_process_suspend.cc(40)] NtResumeProcess: An attempt was made to access an exiting process. (0xc000010a)
[0429/154810.434:ERROR:process_info.cc(329)] VirtualQueryEx: Access is denied. (0x5)
[0429/154810.435:ERROR:process_info.cc(556)] ReadMemoryInfo failed
[0429/154810.435:ERROR:scoped_process_suspend.cc(40)] NtResumeProcess: An attempt was made to access an exiting process. (0xc000010a)
[0429/154826.679:ERROR:process_info.cc(329)] VirtualQueryEx: Access is denied. (0x5)
[0429/154826.679:ERROR:process_info.cc(556)] ReadMemoryInfo failed
[0429/154826.679:ERROR:scoped_process_suspend.cc(40)] NtResumeProcess: An attempt was made to access an exiting process. (0xc000010a)
[0429/154835.787:ERROR:process_info.cc(329)] VirtualQueryEx: Access is denied. (0x5)
[0429/154835.787:ERROR:process_info.cc(556)] ReadMemoryInfo failed
[0429/154835.787:ERROR:scoped_process_suspend.cc(40)] NtResumeProcess: An attempt was made to access an exiting process. (0xc000010a)
[0429/154851.134:ERROR:process_info.cc(329)] VirtualQueryEx: Access is denied. (0x5)
[0429/154851.135:ERROR:process_info.cc(556)] ReadMemoryInfo failed
[0429/154851.135:ERROR:scoped_process_suspend.cc(40)] NtResumeProcess: An attempt was made to access an exiting process. (0xc000010a)
[0429/154903.427:ERROR:process_info.cc(329)] VirtualQueryEx: Access is denied. (0x5)
[0429/154903.428:ERROR:process_info.cc(556)] ReadMemoryInfo failed
[0429/154903.428:ERROR:scoped_process_suspend.cc(40)] NtResumeProcess: An attempt was made to access an exiting process. (0xc000010a)
[0429/154912.125:ERROR:process_info.cc(329)] VirtualQueryEx: Access is denied. (0x5)
[0429/154912.126:ERROR:process_info.cc(556)] ReadMemoryInfo failed
[0429/154912.126:ERROR:process_memory_win.cc(39)] Failed to initialize ProcessInfo.
[0429/154912.126:ERROR:scoped_process_suspend.cc(40)] NtResumeProcess: An attempt was made to access an exiting process. (0xc000010a)
[0429/154925.780:ERROR:process_info.cc(329)] VirtualQueryEx: Access is denied. (0x5)
[0429/154925.781:ERROR:process_info.cc(556)] ReadMemoryInfo failed
[0429/154925.781:ERROR:scoped_process_suspend.cc(40)] NtResumeProcess: An attempt was made to access an exiting process. (0xc000010a)
[0429/154932.474:ERROR:process_info.cc(329)] VirtualQueryEx: Access is denied. (0x5)
[0429/154932.475:ERROR:process_info.cc(556)] ReadMemoryInfo failed
[0429/154932.475:ERROR:scoped_process_suspend.cc(40)] NtResumeProcess: An attempt was made to access an exiting process. (0xc000010a)
[0429/154942.927:ERROR:process_info.cc(329)] VirtualQueryEx: Access is denied. (0x5)
[0429/154942.927:ERROR:process_info.cc(556)] ReadMemoryInfo failed
[0429/154942.927:ERROR:scoped_process_suspend.cc(40)] NtResumeProcess: An attempt was made to access an exiting process. (0xc000010a)
[0429/154954.616:ERROR:process_info.cc(329)] VirtualQueryEx: Access is denied. (0x5)
[0429/154954.616:ERROR:process_info.cc(556)] ReadMemoryInfo failed
[0429/154954.616:ERROR:process_memory_win.cc(39)] Failed to initialize ProcessInfo.
[0429/154954.616:ERROR:scoped_process_suspend.cc(40)] NtResumeProcess: An attempt was made to access an exiting process. (0xc000010a)
[0429/155011.104:ERROR:process_info.cc(329)] VirtualQueryEx: Access is denied. (0x5)
[0429/155011.104:ERROR:process_info.cc(556)] ReadMemoryInfo failed
[0429/155011.104:ERROR:process_memory_win.cc(39)] Failed to initialize ProcessInfo.
[0429/155011.105:ERROR:scoped_process_suspend.cc(40)] NtResumeProcess: An attempt was made to access an exiting process. (0xc000010a)
[0429/155028.353:ERROR:process_info.cc(329)] VirtualQueryEx: Access is denied. (0x5)
[0429/155028.354:ERROR:process_info.cc(556)] ReadMemoryInfo failed
[0429/155028.354:ERROR:scoped_process_suspend.cc(40)] NtResumeProcess: An attempt was made to access an exiting process. (0xc000010a)
