  Processing .\ArrayMFC.idl
  ArrayMFC.idl
  Processing C:\Program Files (x86)\Windows Kits\10\Include\10.0.17763.0\um\oaidl.idl
  oaidl.idl
  Processing C:\Program Files (x86)\Windows Kits\10\Include\10.0.17763.0\um\objidl.idl
  objidl.idl
  Processing C:\Program Files (x86)\Windows Kits\10\Include\10.0.17763.0\um\unknwn.idl
  unknwn.idl
  Processing C:\Program Files (x86)\Windows Kits\10\Include\10.0.17763.0\shared\wtypes.idl
  wtypes.idl
  Processing C:\Program Files (x86)\Windows Kits\10\Include\10.0.17763.0\shared\wtypesbase.idl
  wtypesbase.idl
  Processing C:\Program Files (x86)\Windows Kits\10\Include\10.0.17763.0\shared\basetsd.h
  basetsd.h
  Processing C:\Program Files (x86)\Windows Kits\10\Include\10.0.17763.0\shared\guiddef.h
  guiddef.h
  Processing C:\Program Files (x86)\Windows Kits\10\Include\10.0.17763.0\um\oaidl.acf
  oaidl.acf
  pch.cpp
  ArrayMFC.cpp
  ArrayMFCCtrl.cpp
i:\documents\visual studio 2017\projects\arraymfc\arraymfc\arraymfcctrl.cpp(120): warning C4244: 'initializing': conversion from '_Rep' to 'int', possible loss of data
          with
          [
              _Rep=__int64
          ]
i:\documents\visual studio 2017\projects\arraymfc\arraymfc\arraymfcctrl.cpp(136): warning C4244: 'argument': conversion from 'time_t' to 'unsigned int', possible loss of data
  ArrayMFCPropPage.cpp
     Creating library I:\Documents\Visual Studio 2017\Projects\ArrayMFC\Release\ArrayMFC.lib and object I:\Documents\Visual Studio 2017\Projects\ArrayMFC\Release\ArrayMFC.exp
  Generating code
  All 310 functions were compiled because no usable IPDB/IOBJ from previous compilation was found.
  Finished generating code
  ArrayMFC.vcxproj -> I:\Documents\Visual Studio 2017\Projects\ArrayMFC\Release\ArrayMFC.ocx
